2020-04-17 05:16:28.900 INFO  (main) [   ] o.e.j.s.Server jetty-9.3.14.v20161028
2020-04-17 05:16:29.382 INFO  (main) [   ] o.a.s.s.SolrDispatchFilter  ___      _       Welcome to Apache Solr? version 7.0.1
2020-04-17 05:16:29.383 INFO  (main) [   ] o.a.s.s.SolrDispatchFilter / __| ___| |_ _   Starting in standalone mode on port 8983
2020-04-17 05:16:29.383 INFO  (main) [   ] o.a.s.s.SolrDispatchFilter \__ \/ _ \ | '_|  Install dir: /usr/local/solr-7.0.1, Default config dir: /usr/local/solr-7.0.1/server/solr/configsets/_default/conf
2020-04-17 05:16:29.408 INFO  (main) [   ] o.a.s.s.SolrDispatchFilter |___/\___/_|_|    Start time: 2020-04-17T05:16:29.384Z
2020-04-17 05:16:29.408 INFO  (main) [   ] o.a.s.s.StartupLoggingUtils Property solr.log.muteconsole given. Muting ConsoleAppender named CONSOLE
2020-04-17 05:16:29.459 INFO  (main) [   ] o.a.s.c.SolrResourceLoader Using system property solr.solr.home: /usr/local/solr-7.0.1/server/solr
2020-04-17 05:16:29.466 INFO  (main) [   ] o.a.s.c.SolrXmlConfig Loading container configuration from /usr/local/solr-7.0.1/server/solr/solr.xml
2020-04-17 05:16:31.246 INFO  (main) [   ] o.a.s.c.CorePropertiesLocator Found 2 core definitions underneath /usr/local/solr-7.0.1/server/solr
2020-04-17 05:16:31.255 INFO  (main) [   ] o.a.s.c.CorePropertiesLocator Cores are: [te1, core1]
2020-04-17 05:16:31.262 INFO  (coreLoadExecutor-6-thread-1) [   ] o.a.s.c.TransientSolrCoreCacheDefault Allocating transient cache for 2147483647 transient cores
2020-04-17 05:16:31.390 INFO  (main) [   ] o.e.j.s.Server Started @3905ms
2020-04-17 05:16:31.405 INFO  (coreLoadExecutor-6-thread-2) [   x:core1] o.a.s.c.SolrResourceLoader [core1] Added 51 libs to classloader, from paths: [/usr/local/solr-7.0.1/contrib/clustering/lib, /usr/local/solr-7.0.1/contrib/extraction/lib, /usr/local/solr-7.0.1/contrib/langid/lib, /usr/local/solr-7.0.1/contrib/velocity/lib, /usr/local/solr-7.0.1/dist]
2020-04-17 05:16:31.405 INFO  (coreLoadExecutor-6-thread-1) [   x:te1] o.a.s.c.SolrResourceLoader [te1] Added 51 libs to classloader, from paths: [/usr/local/solr-7.0.1/contrib/clustering/lib, /usr/local/solr-7.0.1/contrib/extraction/lib, /usr/local/solr-7.0.1/contrib/langid/lib, /usr/local/solr-7.0.1/contrib/velocity/lib, /usr/local/solr-7.0.1/dist]
2020-04-17 05:16:32.863 INFO  (coreLoadExecutor-6-thread-1) [   x:te1] o.a.s.c.SolrConfig Using Lucene MatchVersion: 7.0.1
2020-04-17 05:16:32.868 INFO  (coreLoadExecutor-6-thread-2) [   x:core1] o.a.s.c.SolrConfig Using Lucene MatchVersion: 7.0.1
2020-04-17 05:16:33.026 INFO  (coreLoadExecutor-6-thread-1) [   x:te1] o.a.s.s.IndexSchema [te1] Schema name=default-config
2020-04-17 05:16:33.027 INFO  (coreLoadExecutor-6-thread-2) [   x:core1] o.a.s.s.IndexSchema [core1] Schema name=default-config
2020-04-17 05:16:33.824 INFO  (coreLoadExecutor-6-thread-2) [   x:core1] o.a.s.s.IndexSchema Loaded schema default-config/1.6 with uniqueid field id
2020-04-17 05:16:33.842 INFO  (coreLoadExecutor-6-thread-2) [   x:core1] o.a.s.c.CoreContainer Creating SolrCore 'core1' using configuration from instancedir /usr/local/solr-7.0.1/server/solr/core1, trusted=true
2020-04-17 05:16:33.842 INFO  (coreLoadExecutor-6-thread-1) [   x:te1] o.a.s.s.IndexSchema Loaded schema default-config/1.6 with uniqueid field id
2020-04-17 05:16:33.857 INFO  (coreLoadExecutor-6-thread-1) [   x:te1] o.a.s.c.CoreContainer Creating SolrCore 'te1' using configuration from instancedir /usr/local/solr-7.0.1/server/solr/te1, trusted=true
2020-04-17 05:16:33.882 INFO  (coreLoadExecutor-6-thread-1) [   x:te1] o.a.s.c.SolrCore solr.RecoveryStrategy.Builder
2020-04-17 05:16:33.882 INFO  (coreLoadExecutor-6-thread-2) [   x:core1] o.a.s.c.SolrCore solr.RecoveryStrategy.Builder
2020-04-17 05:16:33.889 INFO  (coreLoadExecutor-6-thread-1) [   x:te1] o.a.s.c.SolrCore [[te1] ] Opening new SolrCore at [/usr/local/solr-7.0.1/server/solr/te1], dataDir=[/usr/local/solr-7.0.1/server/solr/te1/data/]
2020-04-17 05:16:33.889 INFO  (coreLoadExecutor-6-thread-2) [   x:core1] o.a.s.c.SolrCore [[core1] ] Opening new SolrCore at [/usr/local/solr-7.0.1/server/solr/core1], dataDir=[/usr/local/solr-7.0.1/server/solr/core1/data/]
2020-04-17 05:16:33.944 INFO  (coreLoadExecutor-6-thread-1) [   x:te1] o.a.s.r.XSLTResponseWriter xsltCacheLifetimeSeconds=5
2020-04-17 05:16:33.946 INFO  (coreLoadExecutor-6-thread-2) [   x:core1] o.a.s.r.XSLTResponseWriter xsltCacheLifetimeSeconds=5
2020-04-17 05:16:34.336 INFO  (coreLoadExecutor-6-thread-1) [   x:te1] o.a.s.u.UpdateHandler Using UpdateLog implementation: org.apache.solr.update.UpdateLog
2020-04-17 05:16:34.336 INFO  (coreLoadExecutor-6-thread-1) [   x:te1] o.a.s.u.UpdateLog Initializing UpdateLog: dataDir= defaultSyncLevel=FLUSH numRecordsToKeep=100 maxNumLogsToKeep=10 numVersionBuckets=65536
2020-04-17 05:16:34.337 INFO  (coreLoadExecutor-6-thread-2) [   x:core1] o.a.s.u.UpdateHandler Using UpdateLog implementation: org.apache.solr.update.UpdateLog
2020-04-17 05:16:34.338 INFO  (coreLoadExecutor-6-thread-2) [   x:core1] o.a.s.u.UpdateLog Initializing UpdateLog: dataDir= defaultSyncLevel=FLUSH numRecordsToKeep=100 maxNumLogsToKeep=10 numVersionBuckets=65536
2020-04-17 05:16:34.350 INFO  (coreLoadExecutor-6-thread-2) [   x:core1] o.a.s.u.CommitTracker Hard AutoCommit: if uncommited for 15000ms; 
2020-04-17 05:16:34.351 INFO  (coreLoadExecutor-6-thread-2) [   x:core1] o.a.s.u.CommitTracker Soft AutoCommit: disabled
2020-04-17 05:16:34.350 INFO  (coreLoadExecutor-6-thread-1) [   x:te1] o.a.s.u.CommitTracker Hard AutoCommit: if uncommited for 15000ms; 
2020-04-17 05:16:34.351 INFO  (coreLoadExecutor-6-thread-1) [   x:te1] o.a.s.u.CommitTracker Soft AutoCommit: disabled
2020-04-17 05:16:34.412 INFO  (coreLoadExecutor-6-thread-1) [   x:te1] o.a.s.s.SolrIndexSearcher Opening [Searcher@538f1ffb[te1] main]
2020-04-17 05:16:34.412 INFO  (coreLoadExecutor-6-thread-2) [   x:core1] o.a.s.s.SolrIndexSearcher Opening [Searcher@7e1bb084[core1] main]
2020-04-17 05:16:34.423 INFO  (coreLoadExecutor-6-thread-2) [   x:core1] o.a.s.r.ManagedResourceStorage File-based storage initialized to use dir: /usr/local/solr-7.0.1/server/solr/core1/conf
2020-04-17 05:16:34.423 INFO  (coreLoadExecutor-6-thread-1) [   x:te1] o.a.s.r.ManagedResourceStorage File-based storage initialized to use dir: /usr/local/solr-7.0.1/server/solr/te1/conf
2020-04-17 05:16:34.451 INFO  (coreLoadExecutor-6-thread-1) [   x:te1] o.a.s.h.c.SpellCheckComponent Initializing spell checkers
2020-04-17 05:16:34.451 INFO  (coreLoadExecutor-6-thread-2) [   x:core1] o.a.s.h.c.SpellCheckComponent Initializing spell checkers
2020-04-17 05:16:34.490 INFO  (coreLoadExecutor-6-thread-1) [   x:te1] o.a.s.s.DirectSolrSpellChecker init: {name=default,field=_text_,classname=solr.DirectSolrSpellChecker,distanceMeasure=internal,accuracy=0.5,maxEdits=2,minPrefix=1,maxInspections=5,minQueryLength=4,maxQueryFrequency=0.01}
2020-04-17 05:16:34.490 INFO  (coreLoadExecutor-6-thread-2) [   x:core1] o.a.s.s.DirectSolrSpellChecker init: {name=default,field=_text_,classname=solr.DirectSolrSpellChecker,distanceMeasure=internal,accuracy=0.5,maxEdits=2,minPrefix=1,maxInspections=5,minQueryLength=4,maxQueryFrequency=0.01}
2020-04-17 05:16:34.512 INFO  (coreLoadExecutor-6-thread-2) [   x:core1] o.a.s.h.ReplicationHandler Commits will be reserved for  10000
2020-04-17 05:16:34.512 INFO  (coreLoadExecutor-6-thread-1) [   x:te1] o.a.s.h.ReplicationHandler Commits will be reserved for  10000
2020-04-17 05:16:34.591 INFO  (searcherExecutor-7-thread-1-processing-x:core1) [   x:core1] o.a.s.c.QuerySenderListener QuerySenderListener sending requests to Searcher@7e1bb084[core1] main{ExitableDirectoryReader(UninvertingDirectoryReader())}
2020-04-17 05:16:34.592 INFO  (searcherExecutor-7-thread-1-processing-x:core1) [   x:core1] o.a.s.c.QuerySenderListener QuerySenderListener done.
2020-04-17 05:16:34.591 INFO  (searcherExecutor-8-thread-1-processing-x:te1) [   x:te1] o.a.s.c.QuerySenderListener QuerySenderListener sending requests to Searcher@538f1ffb[te1] main{ExitableDirectoryReader(UninvertingDirectoryReader())}
2020-04-17 05:16:34.592 INFO  (searcherExecutor-7-thread-1-processing-x:core1) [   x:core1] o.a.s.h.c.SpellCheckComponent Loading spell index for spellchecker: default
2020-04-17 05:16:34.592 INFO  (searcherExecutor-8-thread-1-processing-x:te1) [   x:te1] o.a.s.c.QuerySenderListener QuerySenderListener done.
2020-04-17 05:16:34.592 INFO  (searcherExecutor-8-thread-1-processing-x:te1) [   x:te1] o.a.s.h.c.SpellCheckComponent Loading spell index for spellchecker: default
2020-04-17 05:16:34.595 INFO  (searcherExecutor-7-thread-1-processing-x:core1) [   x:core1] o.a.s.c.SolrCore [core1] Registered new searcher Searcher@7e1bb084[core1] main{ExitableDirectoryReader(UninvertingDirectoryReader())}
2020-04-17 05:16:34.595 INFO  (searcherExecutor-8-thread-1-processing-x:te1) [   x:te1] o.a.s.c.SolrCore [te1] Registered new searcher Searcher@538f1ffb[te1] main{ExitableDirectoryReader(UninvertingDirectoryReader())}
2020-04-17 05:16:34.598 INFO  (coreLoadExecutor-6-thread-1) [   x:te1] o.a.s.u.UpdateLog Could not find max version in index or recent updates, using new clock 1664195593081192448
2020-04-17 05:16:34.598 INFO  (coreLoadExecutor-6-thread-2) [   x:core1] o.a.s.u.UpdateLog Could not find max version in index or recent updates, using new clock 1664195593081192448
2020-04-17 05:17:11.098 INFO  (qtp12209492-19) [   ] o.a.s.s.HttpSolrCall [admin] webapp=null path=/admin/cores params={indexInfo=false&wt=json&_=1587100630979} status=0 QTime=7
2020-04-17 05:17:11.167 INFO  (qtp12209492-13) [   ] o.a.s.s.HttpSolrCall [admin] webapp=null path=/admin/info/system params={wt=json&_=1587100630979} status=0 QTime=52
2020-04-17 05:17:11.168 INFO  (qtp12209492-14) [   ] o.a.s.s.HttpSolrCall [admin] webapp=null path=/admin/info/system params={wt=json&_=1587100630979} status=0 QTime=65
2020-04-17 05:17:18.868 INFO  (qtp12209492-18) [   ] o.a.s.s.HttpSolrCall [admin] webapp=null path=/admin/cores params={indexInfo=false&wt=json&_=1587100630979} status=0 QTime=0
2020-04-17 05:17:18.882 INFO  (qtp12209492-12) [   ] o.a.s.s.HttpSolrCall [admin] webapp=null path=/admin/info/system params={wt=json&_=1587100630979} status=0 QTime=12
2020-04-17 05:17:18.891 INFO  (qtp12209492-14) [   x:core1] o.a.s.c.S.Request [core1]  webapp=/solr path=/admin/ping params={action=status&wt=json&_=1587100630979&ts=1587100630979} status=503 QTime=6
2020-04-17 05:17:18.901 INFO  (qtp12209492-20) [   x:core1] o.a.s.c.S.Request [core1]  webapp=/solr path=/admin/luke params={numTerms=0&show=index&wt=json&_=1587100638857} status=0 QTime=24
2020-04-17 05:17:18.903 INFO  (qtp12209492-19) [   x:core1] o.a.s.c.S.Request [core1]  webapp=/solr path=/replication params={wt=json&command=details&_=1587100638857} status=0 QTime=20
2020-04-17 05:17:18.899 INFO  (qtp12209492-15) [   x:core1] o.a.s.c.S.Request [core1]  webapp=/solr path=/admin/system params={wt=json&_=1587100638857} status=0 QTime=16
2020-04-17 05:17:39.009 INFO  (qtp12209492-18) [   ] o.a.s.s.HttpSolrCall [admin] webapp=null path=/admin/cores params={indexInfo=false&wt=json&_=1587100630979} status=0 QTime=0
2020-04-17 05:17:39.014 INFO  (qtp12209492-21) [   ] o.a.s.s.HttpSolrCall [admin] webapp=null path=/admin/info/system params={wt=json&_=1587100630979} status=0 QTime=4
2020-04-17 05:17:39.020 INFO  (qtp12209492-12) [   x:te1] o.a.s.c.S.Request [te1]  webapp=/solr path=/replication params={wt=json&command=details&_=1587100638857} status=0 QTime=3
2020-04-17 05:17:39.020 INFO  (qtp12209492-13) [   x:te1] o.a.s.c.S.Request [te1]  webapp=/solr path=/admin/luke params={numTerms=0&show=index&wt=json&_=1587100638857} status=0 QTime=3
2020-04-17 05:17:39.026 INFO  (qtp12209492-14) [   x:te1] o.a.s.c.S.Request [te1]  webapp=/solr path=/admin/ping params={action=status&wt=json&_=1587100630979&ts=1587100630979} status=503 QTime=0
2020-04-17 05:17:39.027 INFO  (qtp12209492-17) [   x:te1] o.a.s.c.S.Request [te1]  webapp=/solr path=/admin/system params={wt=json&_=1587100638857} status=0 QTime=6
